This is pdfTeX, Version 3.1415926-2.3-1.40.12 (MiKTeX 2.9 64-bit) (preloaded format=pdflatex 2013.4.22)  5 MAR 2015 00:22
entering extended mode
**Nov_2014_micro_summary.tex

("C:\Users\Rudolf\Desktop\Big_Data_Project\One-Page Report\Nov_2014_micro_summa
ry.tex"
LaTeX2e <2011/06/27>
Babel <v3.8m> and hyphenation patterns for english, afrikaans, ancientgreek, ar
abic, armenian, assamese, basque, bengali, bokmal, bulgarian, catalan, coptic, 
croatian, czech, danish, dutch, esperanto, estonian, farsi, finnish, french, ga
lician, german, german-x-2009-06-19, greek, gujarati, hindi, hungarian, iceland
ic, indonesian, interlingua, irish, italian, kannada, kurmanji, lao, latin, lat
vian, lithuanian, malayalam, marathi, mongolian, mongolianlmc, monogreek, ngerm
an, ngerman-x-2009-06-19, nynorsk, oriya, panjabi, pinyin, polish, portuguese, 
romanian, russian, sanskrit, serbian, slovak, slovenian, spanish, swedish, swis
sgerman, tamil, telugu, turkish, turkmen, ukenglish, ukrainian, uppersorbian, u
senglishmax, welsh, loaded.
("C:\Program Files\MiKTeX 2.9\tex\latex\base\article.cls"
Document Class: article 2007/10/19 v1.4h Standard LaTeX document class
("C:\Program Files\MiKTeX 2.9\tex\latex\base\size12.clo"
File: size12.clo 2007/10/19 v1.4h Standard LaTeX file (size option)
)
\c@part=\count79
\c@section=\count80
\c@subsection=\count81
\c@subsubsection=\count82
\c@paragraph=\count83
\c@subparagraph=\count84
\c@figure=\count85
\c@table=\count86
\abovecaptionskip=\skip41
\belowcaptionskip=\skip42
\bibindent=\dimen102
)
("C:\Program Files\MiKTeX 2.9\tex\latex\graphics\graphicx.sty"
Package: graphicx 1999/02/16 v1.0f Enhanced LaTeX Graphics (DPC,SPQR)

("C:\Program Files\MiKTeX 2.9\tex\latex\graphics\keyval.sty"
Package: keyval 1999/03/16 v1.13 key=value parser (DPC)
\KV@toks@=\toks14
)
("C:\Program Files\MiKTeX 2.9\tex\latex\graphics\graphics.sty"
Package: graphics 2009/02/05 v1.0o Standard LaTeX Graphics (DPC,SPQR)

("C:\Program Files\MiKTeX 2.9\tex\latex\graphics\trig.sty"
Package: trig 1999/03/16 v1.09 sin cos tan (DPC)
)
("C:\Program Files\MiKTeX 2.9\tex\latex\00miktex\graphics.cfg"
File: graphics.cfg 2007/01/18 v1.5 graphics configuration of teTeX/TeXLive
)
Package graphics Info: Driver file: pdftex.def on input line 91.

("C:\Program Files\MiKTeX 2.9\tex\latex\pdftex-def\pdftex.def"
File: pdftex.def 2011/05/27 v0.06d Graphics/color for pdfTeX

("C:\Program Files\MiKTeX 2.9\tex\generic\oberdiek\infwarerr.sty"
Package: infwarerr 2010/04/08 v1.3 Providing info/warning/error messages (HO)
)
("C:\Program Files\MiKTeX 2.9\tex\generic\oberdiek\ltxcmds.sty"
Package: ltxcmds 2011/11/09 v1.22 LaTeX kernel commands for general use (HO)
)
\Gread@gobject=\count87
))
\Gin@req@height=\dimen103
\Gin@req@width=\dimen104
)
("C:\Program Files\MiKTeX 2.9\tex\latex\graphics\color.sty"
Package: color 2005/11/14 v1.0j Standard LaTeX Color (DPC)

("C:\Program Files\MiKTeX 2.9\tex\latex\00miktex\color.cfg"
File: color.cfg 2007/01/18 v1.5 color configuration of teTeX/TeXLive
)
Package color Info: Driver file: pdftex.def on input line 130.
)
("C:\Program Files\MiKTeX 2.9\tex\latex\framed\framed.sty"
Package: framed 2011/10/22 v 0.96: framed or shaded text with page breaks
\OuterFrameSep=\skip43
\fb@frw=\dimen105
\fb@frh=\dimen106
\FrameRule=\dimen107
\FrameSep=\dimen108
)
("C:\Program Files\MiKTeX 2.9\tex\latex\base\alltt.sty"
Package: alltt 1997/06/16 v2.0g defines alltt environment
)
("C:\Program Files\MiKTeX 2.9\tex\latex\ams\math\amsmath.sty"
Package: amsmath 2000/07/18 v2.13 AMS math features
\@mathmargin=\skip44

For additional information on amsmath, use the `?' option.
("C:\Program Files\MiKTeX 2.9\tex\latex\ams\math\amstext.sty"
Package: amstext 2000/06/29 v2.01

("C:\Program Files\MiKTeX 2.9\tex\latex\ams\math\amsgen.sty"
File: amsgen.sty 1999/11/30 v2.0
\@emptytoks=\toks15
\ex@=\dimen109
))
("C:\Program Files\MiKTeX 2.9\tex\latex\ams\math\amsbsy.sty"
Package: amsbsy 1999/11/29 v1.2d
\pmbraise@=\dimen110
)
("C:\Program Files\MiKTeX 2.9\tex\latex\ams\math\amsopn.sty"
Package: amsopn 1999/12/14 v2.01 operator names
)
\inf@bad=\count88
LaTeX Info: Redefining \frac on input line 211.
\uproot@=\count89
\leftroot@=\count90
LaTeX Info: Redefining \overline on input line 307.
\classnum@=\count91
\DOTSCASE@=\count92
LaTeX Info: Redefining \ldots on input line 379.
LaTeX Info: Redefining \dots on input line 382.
LaTeX Info: Redefining \cdots on input line 467.
\Mathstrutbox@=\box26
\strutbox@=\box27
\big@size=\dimen111
LaTeX Font Info:    Redeclaring font encoding OML on input line 567.
LaTeX Font Info:    Redeclaring font encoding OMS on input line 568.
\macc@depth=\count93
\c@MaxMatrixCols=\count94
\dotsspace@=\muskip10
\c@parentequation=\count95
\dspbrk@lvl=\count96
\tag@help=\toks16
\row@=\count97
\column@=\count98
\maxfields@=\count99
\andhelp@=\toks17
\eqnshift@=\dimen112
\alignsep@=\dimen113
\tagshift@=\dimen114
\tagwidth@=\dimen115
\totwidth@=\dimen116
\lineht@=\dimen117
\@envbody=\toks18
\multlinegap=\skip45
\multlinetaggap=\skip46
\mathdisplay@stack=\toks19
LaTeX Info: Redefining \[ on input line 2666.
LaTeX Info: Redefining \] on input line 2667.
)
("C:\Program Files\MiKTeX 2.9\tex\latex\amsfonts\amsfonts.sty"
Package: amsfonts 2009/06/22 v3.00 Basic AMSFonts support
\symAMSa=\mathgroup4
\symAMSb=\mathgroup5
LaTeX Font Info:    Overwriting math alphabet `\mathfrak' in version `bold'
(Font)                  U/euf/m/n --> U/euf/b/n on input line 96.
)
("C:\Program Files\MiKTeX 2.9\tex\latex\hyperref\hyperref.sty"
Package: hyperref 2012/05/13 v6.82q Hypertext links for LaTeX

("C:\Program Files\MiKTeX 2.9\tex\generic\oberdiek\hobsub-hyperref.sty"
Package: hobsub-hyperref 2012/04/25 v1.12 Bundle oberdiek, subset hyperref (HO)


("C:\Program Files\MiKTeX 2.9\tex\generic\oberdiek\hobsub-generic.sty"
Package: hobsub-generic 2012/04/25 v1.12 Bundle oberdiek, subset generic (HO)
Package: hobsub 2012/04/25 v1.12 Construct package bundles (HO)
Package hobsub Info: Skipping package `infwarerr' (already loaded).
Package hobsub Info: Skipping package `ltxcmds' (already loaded).
Package: ifluatex 2010/03/01 v1.3 Provides the ifluatex switch (HO)
Package ifluatex Info: LuaTeX not detected.
Package: ifvtex 2010/03/01 v1.5 Detect VTeX and its facilities (HO)
Package ifvtex Info: VTeX not detected.
Package: intcalc 2007/09/27 v1.1 Expandable calculations with integers (HO)
Package: ifpdf 2011/01/30 v2.3 Provides the ifpdf switch (HO)
Package ifpdf Info: pdfTeX in PDF mode is detected.
Package: etexcmds 2011/02/16 v1.5 Avoid name clashes with e-TeX commands (HO)
Package etexcmds Info: Could not find \expanded.
(etexcmds)             That can mean that you are not using pdfTeX 1.50 or
(etexcmds)             that some package has redefined \expanded.
(etexcmds)             In the latter case, load this package earlier.
Package: kvsetkeys 2012/04/25 v1.16 Key value parser (HO)
Package: kvdefinekeys 2011/04/07 v1.3 Define keys (HO)
Package: pdftexcmds 2011/11/29 v0.20 Utility functions of pdfTeX for LuaTeX (HO
)
Package pdftexcmds Info: LuaTeX not detected.
Package pdftexcmds Info: \pdf@primitive is available.
Package pdftexcmds Info: \pdf@ifprimitive is available.
Package pdftexcmds Info: \pdfdraftmode found.
Package: pdfescape 2011/11/25 v1.13 Implements pdfTeX's escape features (HO)
Package: bigintcalc 2012/04/08 v1.3 Expandable calculations on big integers (HO
)
Package: bitset 2011/01/30 v1.1 Handle bit-vector datatype (HO)
Package: uniquecounter 2011/01/30 v1.2 Provide unlimited unique counter (HO)
)
Package hobsub Info: Skipping package `hobsub' (already loaded).
Package: letltxmacro 2010/09/02 v1.4 Let assignment for LaTeX macros (HO)
Package: hopatch 2011/06/24 v1.1 Wrapper for package hooks (HO)
Package: xcolor-patch 2011/01/30 xcolor patch
Package: atveryend 2011/06/30 v1.8 Hooks at the very end of document (HO)
Package atveryend Info: \enddocument detected (standard20110627).
Package: atbegshi 2011/10/05 v1.16 At begin shipout hook (HO)
Package: refcount 2011/10/16 v3.4 Data extraction from label references (HO)
Package: hycolor 2011/01/30 v1.7 Color options for hyperref/bookmark (HO)
)
("C:\Program Files\MiKTeX 2.9\tex\generic\ifxetex\ifxetex.sty"
Package: ifxetex 2010/09/12 v0.6 Provides ifxetex conditional
)
("C:\Program Files\MiKTeX 2.9\tex\latex\oberdiek\kvoptions.sty"
Package: kvoptions 2011/06/30 v3.11 Key value format for package options (HO)
)
\@linkdim=\dimen118
\Hy@linkcounter=\count100
\Hy@pagecounter=\count101

("C:\Program Files\MiKTeX 2.9\tex\latex\hyperref\pd1enc.def"
File: pd1enc.def 2012/05/13 v6.82q Hyperref: PDFDocEncoding definition (HO)
)
\Hy@SavedSpaceFactor=\count102

("C:\Program Files\MiKTeX 2.9\tex\latex\00miktex\hyperref.cfg"
File: hyperref.cfg 2002/06/06 v1.2 hyperref configuration of TeXLive
)
Package hyperref Info: Hyper figures OFF on input line 4062.
Package hyperref Info: Link nesting OFF on input line 4067.
Package hyperref Info: Hyper index ON on input line 4070.
Package hyperref Info: Plain pages OFF on input line 4077.
Package hyperref Info: Backreferencing OFF on input line 4082.
Package hyperref Info: Implicit mode ON; LaTeX internals redefined.
Package hyperref Info: Bookmarks ON on input line 4300.
\c@Hy@tempcnt=\count103

("C:\Program Files\MiKTeX 2.9\tex\latex\ltxmisc\url.sty"
\Urlmuskip=\muskip11
Package: url 2006/04/12  ver 3.3  Verb mode for urls, etc.
)
LaTeX Info: Redefining \url on input line 4653.
\Fld@menulength=\count104
\Field@Width=\dimen119
\Fld@charsize=\dimen120
Package hyperref Info: Hyper figures OFF on input line 5773.
Package hyperref Info: Link nesting OFF on input line 5778.
Package hyperref Info: Hyper index ON on input line 5781.
Package hyperref Info: backreferencing OFF on input line 5788.
Package hyperref Info: Link coloring OFF on input line 5793.
Package hyperref Info: Link coloring with OCG OFF on input line 5798.
Package hyperref Info: PDF/A mode OFF on input line 5803.
LaTeX Info: Redefining \ref on input line 5843.
LaTeX Info: Redefining \pageref on input line 5847.
\Hy@abspage=\count105
\c@Item=\count106
\c@Hfootnote=\count107
)

Package hyperref Message: Driver (autodetected): hpdftex.

("C:\Program Files\MiKTeX 2.9\tex\latex\hyperref\hpdftex.def"
File: hpdftex.def 2012/05/13 v6.82q Hyperref driver for pdfTeX
\Fld@listcount=\count108
\c@bookmark@seq@number=\count109

("C:\Program Files\MiKTeX 2.9\tex\latex\oberdiek\rerunfilecheck.sty"
Package: rerunfilecheck 2011/04/15 v1.7 Rerun checks for auxiliary files (HO)
Package uniquecounter Info: New unique counter `rerunfilecheck' on input line 2
82.
)
\Hy@SectionHShift=\skip47
)
("C:\Program Files\MiKTeX 2.9\tex\latex\geometry\geometry.sty"
Package: geometry 2010/09/12 v5.6 Page Geometry
\Gm@cnth=\count110
\Gm@cntv=\count111
\c@Gm@tempcnt=\count112
\Gm@bindingoffset=\dimen121
\Gm@wd@mp=\dimen122
\Gm@odd@mp=\dimen123
\Gm@even@mp=\dimen124
\Gm@layoutwidth=\dimen125
\Gm@layoutheight=\dimen126
\Gm@layouthoffset=\dimen127
\Gm@layoutvoffset=\dimen128
\Gm@dimlist=\toks20

("C:\Program Files\MiKTeX 2.9\tex\latex\geometry\geometry.cfg"))
("C:\Program Files\MiKTeX 2.9\tex\latex\preprint\authblk.sty"
Package: authblk 2001/02/27 1.3 (PWD)
\affilsep=\skip48
\@affilsep=\skip49
\c@Maxaffil=\count113
\c@authors=\count114
\c@affil=\count115
)
("C:\Program Files\MiKTeX 2.9\tex\latex\upquote\upquote.sty"
Package: upquote 2012/04/19 v1.3 upright-quote and grave-accent glyphs in verba
tim
)
("C:\Users\Rudolf\Desktop\Big_Data_Project\One-Page Report\Nov_2014_micro_summa
ry.aux")
LaTeX Font Info:    Checking defaults for OML/cmm/m/it on input line 68.
LaTeX Font Info:    ... okay on input line 68.
LaTeX Font Info:    Checking defaults for T1/cmr/m/n on input line 68.
LaTeX Font Info:    ... okay on input line 68.
LaTeX Font Info:    Checking defaults for OT1/cmr/m/n on input line 68.
LaTeX Font Info:    ... okay on input line 68.
LaTeX Font Info:    Checking defaults for OMS/cmsy/m/n on input line 68.
LaTeX Font Info:    ... okay on input line 68.
LaTeX Font Info:    Checking defaults for OMX/cmex/m/n on input line 68.
LaTeX Font Info:    ... okay on input line 68.
LaTeX Font Info:    Checking defaults for U/cmr/m/n on input line 68.
LaTeX Font Info:    ... okay on input line 68.
LaTeX Font Info:    Checking defaults for PD1/pdf/m/n on input line 68.
LaTeX Font Info:    ... okay on input line 68.
 ("C:\Program Files\MiKTeX 2.9\tex\context\base\supp-pdf.mkii"
[Loading MPS to PDF converter (version 2006.09.02).]
\scratchcounter=\count116
\scratchdimen=\dimen129
\scratchbox=\box28
\nofMPsegments=\count117
\nofMParguments=\count118
\everyMPshowfont=\toks21
\MPscratchCnt=\count119
\MPscratchDim=\dimen130
\MPnumerator=\count120
\makeMPintoPDFobject=\count121
\everyMPtoPDFconversion=\toks22
)
\AtBeginShipoutBox=\box29
Package hyperref Info: Link coloring OFF on input line 68.
 ("C:\Program Files\MiKTeX 2.9\tex\latex\hyperref\nameref.sty"
Package: nameref 2010/04/30 v2.40 Cross-referencing by name of section

("C:\Program Files\MiKTeX 2.9\tex\generic\oberdiek\gettitlestring.sty"
Package: gettitlestring 2010/12/03 v1.4 Cleanup title references (HO)
)
\c@section@level=\count122
)
LaTeX Info: Redefining \ref on input line 68.
LaTeX Info: Redefining \pageref on input line 68.
LaTeX Info: Redefining \nameref on input line 68.

("C:\Users\Rudolf\Desktop\Big_Data_Project\One-Page Report\Nov_2014_micro_summa
ry.out")
("C:\Users\Rudolf\Desktop\Big_Data_Project\One-Page Report\Nov_2014_micro_summa
ry.out")
\@outlinefile=\write3

*geometry* driver: auto-detecting
*geometry* detected driver: pdftex
*geometry* verbose mode - [ preamble ] result:
* driver: pdftex
* paper: letterpaper
* layout: <same size as paper>
* layoutoffset:(h,v)=(0.0pt,0.0pt)
* modes: 
* h-part:(L,W,R)=(42.67912pt, 528.93675pt, 42.67912pt)
* v-part:(T,H,B)=(56.9055pt, 681.15898pt, 56.9055pt)
* \paperwidth=614.295pt
* \paperheight=794.96999pt
* \textwidth=528.93675pt
* \textheight=681.15898pt
* \oddsidemargin=-29.59087pt
* \evensidemargin=-29.59087pt
* \topmargin=-52.36449pt
* \headheight=12.0pt
* \headsep=25.0pt
* \topskip=12.0pt
* \footskip=30.0pt
* \marginparwidth=44.0pt
* \marginparsep=10.0pt
* \columnsep=10.0pt
* \skip\footins=10.8pt plus 4.0pt minus 2.0pt
* \hoffset=0.0pt
* \voffset=0.0pt
* \mag=1000
* \@twocolumnfalse
* \@twosidefalse
* \@mparswitchfalse
* \@reversemarginfalse
* (1in=72.27pt=25.4mm, 1cm=28.453pt)

LaTeX Font Info:    Try loading font information for U+msa on input line 78.
("C:\Program Files\MiKTeX 2.9\tex\latex\amsfonts\umsa.fd"
File: umsa.fd 2009/06/22 v3.00 AMS symbols A
)
LaTeX Font Info:    Try loading font information for U+msb on input line 78.

("C:\Program Files\MiKTeX 2.9\tex\latex\amsfonts\umsb.fd"
File: umsb.fd 2009/06/22 v3.00 AMS symbols B
)
Underfull \hbox (badness 10000) in paragraph at lines 78--78

 []

Package color Info: Redefining color shadecolor on input line 81.

Overfull \hbox (20.63852pt too wide) in paragraph at lines 79--82
\OT1/cmtt/m/n/12 Virulence - Virulence, Cell Wall and Capsule - Capsular and ex
tracellular polysacchrides,
 []

<figure/plot-1.pdf, id=3, 505.89pt x 505.89pt>
File: figure/plot-1.pdf Graphic file (type pdf)
 <use figure/plot-1.pdf>
Package pdftex.def Info: figure/plot-1.pdf used on input line 83.
(pdftex.def)             Requested size: 261.76747pt x 184.9455pt.

<figure/plot-2.pdf, id=4, 505.89pt x 505.89pt>
File: figure/plot-2.pdf Graphic file (type pdf)
 <use figure/plot-2.pdf>
Package pdftex.def Info: figure/plot-2.pdf used on input line 84.
(pdftex.def)             Requested size: 261.76747pt x 184.9455pt.

Underfull \hbox (badness 10000) in paragraph at lines 91--91

 []

Package color Info: Redefining color shadecolor on input line 95.
[1

{C:/ProgramData/MiKTeX/2.9/pdftex/config/pdftex.map} <C:/Users/Rudolf/Desktop/B
ig_Data_Project/One-Page Report/figure/plot-1.pdf> <C:/Users/Rudolf/Desktop/Big
_Data_Project/One-Page Report/figure/plot-2.pdf>]
LaTeX Font Info:    Font shape `OT1/cmtt/bx/n' in size <12> not available
(Font)              Font shape `OT1/cmtt/m/n' tried instead on input line 98.
LaTeX Font Info:    Try loading font information for OMS+cmtt on input line 129
.

(C:/PROGRA~1/R/R-30~1.2/share/texmf/tex/latex\omscmtt.fd
File: omscmtt.fd 
)
LaTeX Font Info:    Font shape `OMS/cmtt/m/n' in size <12> not available
(Font)              Font shape `OMS/cmsy/m/n' tried instead on input line 129.

Overfull \hbox (26.63853pt too wide) in paragraph at lines 129--129
[][]\OT1/cmtt/m/n/12 myplot2_2[][]<-[][]myplot2_2[][]+[][]scale_colour_continuo
us[][]([][]name[][]=[][]"First Component\OMS/cmsy/m/n/12 n\OT1/cmtt/m/n/12 nSco
res of Seedlevel2"[][],[][] 
 []


Overfull \hbox (51.51353pt too wide) in paragraph at lines 133--133
[][]\OT1/cmtt/m/n/12 myplot2_2[][]<-[][]myplot2_2[][]+[][]geom_text[][]([][]aes
[][]([][]label[][]=[][]rownames[][](cca_scores_2)),[][]col[][]=[][]"black"[][],
[][]hjust[][]=[][]1.1[][],[][]size[][]=[][]5[][])[][] 
 []


Overfull \hbox (52.74124pt too wide) in paragraph at lines 145--145
[][]\OT1/cmtt/m/it/12 #level for the scale of elli, alpha for the darkness of c
ol,"polygon" for the cover of elli.[][] 
 []

[2] <figure/plot2-1.pdf, id=34, 505.89pt x 505.89pt>
File: figure/plot2-1.pdf Graphic file (type pdf)
 <use figure/plot2-1.pdf>
Package pdftex.def Info: figure/plot2-1.pdf used on input line 152.
(pdftex.def)             Requested size: 505.88875pt x 505.89645pt.

Overfull \hbox (26.63853pt too wide) in paragraph at lines 156--156
[][]\OT1/cmtt/m/n/12 myplot1_2[][]<-[][]myplot1_2[][]+[][]scale_colour_continuo
us[][]([][]name[][]=[][]"First Component\OMS/cmsy/m/n/12 n\OT1/cmtt/m/n/12 nSco
res of Immunology"[][],[][] 
 []


Overfull \hbox (39.16353pt too wide) in paragraph at lines 160--160
[][]\OT1/cmtt/m/n/12 myplot1_2[][]<-[][]myplot1_2[][]+[][]geom_text[][]([][]aes
[][]([][]label[][]=[][]rownames[][](cca_scores)),[][]col[][]=[][]"black"[][],[]
[]hjust[][]=[][]1.1[][],[][]size[][]=[][]4[][])[][] 
 []


Overfull \hbox (51.51353pt too wide) in paragraph at lines 172--172
[] []\OT1/cmtt/m/n/12 cca_scores_special[t,[][]1[][]:[][]2[][]][][]<-[][]cca_sc
ores_special[t,[][]1[][]:[][]2[][]][][]+[][]c[][]([][]sin[][](t[][]*[][]2[][]*[
][]pi[][]/[][]100[][])[][]*[][]50[][],[][]cos[][](t[][]*[][]2[][]*[][]pi[][]/[]
[]100[][])[][]*[][]50[][])[][] 
 []


Overfull \hbox (63.86354pt too wide) in paragraph at lines 178--178
[] []\OT1/cmtt/m/n/12 cca_scores_special2[t,[][]1[][]:[][]2[][]][][]<-[][]cca_s
cores_special2[t,[][]1[][]:[][]2[][]][][]+[][]c[][]([][]sin[][](t[][]*[][]2[][]
*[][]pi[][]/[][]100[][])[][]*[][]50[][],[][]cos[][](t[][]*[][]2[][]*[][]pi[][]/
[][]100[][])[][]*[][]50[][])[][] 
 []

[3 <C:/Users/Rudolf/Desktop/Big_Data_Project/One-Page Report/figure/plot2-1.pdf
>] <figure/plot2-2.pdf, id=49, 505.89pt x 505.89pt>
File: figure/plot2-2.pdf Graphic file (type pdf)
 <use figure/plot2-2.pdf>
Package pdftex.def Info: figure/plot2-2.pdf used on input line 187.
(pdftex.def)             Requested size: 505.88875pt x 505.89645pt.

[4]
Overfull \hbox (81.17047pt too wide) in paragraph at lines 196--196
[][]\OT1/cmtt/m/n/12 cca_seed2_select_new_order[][]<-[][]sort[][]([][]abs[][](c
ca_seed2_select_new),[][]decreasing[] []= T)[] []\OT1/cmtt/m/it/12 # seed first
 compo sort[][] 
 []

[5 <C:/Users/Rudolf/Desktop/Big_Data_Project/One-Page Report/figure/plot2-2.pdf
>]
Package color Info: Redefining color shadecolor on input line 212.

Overfull \hbox (84.24095pt too wide) in paragraph at lines 255--255
[][]\OT1/cmtt/m/it/12 ## the position=position_jitter(height=0.01,width=0.01) w
ill make the material in the same group [][] 
 []


Overfull \hbox (52.74124pt too wide) in paragraph at lines 271--271
[][]\OT1/cmtt/m/it/12 #level for the scale of elli, alpha for the darkness of c
ol,"polygon" for the cover of elli.[][] 
 []

[6] <figure/sparse_pca-1.pdf, id=72, 505.89pt x 505.89pt>
File: figure/sparse_pca-1.pdf Graphic file (type pdf)

<use figure/sparse_pca-1.pdf>
Package pdftex.def Info: figure/sparse_pca-1.pdf used on input line 287.
(pdftex.def)             Requested size: 505.88875pt x 505.89645pt.
 [7]
Overfull \hbox (52.74124pt too wide) in paragraph at lines 345--345
[][]\OT1/cmtt/m/it/12 #level for the scale of elli, alpha for the darkness of c
ol,"polygon" for the cover of elli.[][] 
 []

[8 <C:/Users/Rudolf/Desktop/Big_Data_Project/One-Page Report/figure/sparse_pca-
1.pdf>] <figure/sparse_pca-2.pdf, id=91, 505.89pt x 505.89pt>
File: figure/sparse_pca-2.pdf Graphic file (type pdf)

<use figure/sparse_pca-2.pdf>
Package pdftex.def Info: figure/sparse_pca-2.pdf used on input line 349.
(pdftex.def)             Requested size: 505.88875pt x 505.89645pt.
Package atveryend Info: Empty hook `BeforeClearDocument' on input line 352.
 [9] [10 <C:/Users/Rudolf/Desktop/Big_Data_Project/One-Page Report/figure/spars
e_pca-2.pdf>]
Package atveryend Info: Empty hook `AfterLastShipout' on input line 352.

("C:\Users\Rudolf\Desktop\Big_Data_Project\One-Page Report\Nov_2014_micro_summa
ry.aux")
Package atveryend Info: Executing hook `AtVeryEndDocument' on input line 352.
Package atveryend Info: Executing hook `AtEndAfterFileList' on input line 352.
Package rerunfilecheck Info: File `Nov_2014_micro_summary.out' has not changed.

(rerunfilecheck)             Checksum: D41D8CD98F00B204E9800998ECF8427E;0.
Package atveryend Info: Empty hook `AtVeryVeryEnd' on input line 352.
 ) 
Here is how much of TeX's memory you used:
 6195 strings out of 494045
 89856 string characters out of 3148384
 205128 words of memory out of 3000000
 9406 multiletter control sequences out of 15000+200000
 9566 words of font info for 37 fonts, out of 3000000 for 9000
 715 hyphenation exceptions out of 8191
 29i,5n,22p,1168b,378s stack positions out of 5000i,500n,10000p,200000b,50000s
<C:/Program Files/MiKTeX 2.9/fonts/type1/public/amsfonts/cm/cmitt10.pfb><C:/P
rogram Files/MiKTeX 2.9/fonts/type1/public/amsfonts/cm/cmr12.pfb><C:/Program Fi
les/MiKTeX 2.9/fonts/type1/public/amsfonts/cm/cmr17.pfb><C:/Program Files/MiKTe
X 2.9/fonts/type1/public/amsfonts/cm/cmsy10.pfb><C:/Program Files/MiKTeX 2.9/fo
nts/type1/public/amsfonts/cm/cmti12.pfb><C:/Program Files/MiKTeX 2.9/fonts/type
1/public/amsfonts/cm/cmtt12.pfb>
Output written on Nov_2014_micro_summary.pdf (10 pages, 135993 bytes).
PDF statistics:
 133 PDF objects out of 1000 (max. 8388607)
 11 named destinations out of 1000 (max. 500000)
 31 words of extra memory for PDF output out of 10000 (max. 10000000)

